<?xml version="1.0" encoding="UTF-8"?>
<!-- Generated by org.testng.reporters.JUnitXMLReporter -->
<testsuite hostname="SVRBD004" failures="0" tests="3" name="Default test" time="41.835" errors="0" timestamp="7 Mar 2018 09:04:00 GMT">
  <testcase classname="com.automation.amazonpractice.Mainflow" name="openurl" time="15.405"/>
  <testcase classname="com.automation.amazonpractice.Mainflow" name="login" time="11.975"/>
  <testcase classname="com.automation.amazonpractice.Mainflow" name="searchItem" time="14.02"/>
</testsuite> <!-- Default test -->
