<?xml version="1.0" encoding="UTF-8"?>
<testng-results total="2" passed="2" failed="0" skipped="0">
  <reporter-output>
  </reporter-output>
  <suite started-at="2018-03-05T11:49:55Z" name="Default suite" finished-at="2018-03-05T11:50:13Z" duration-ms="18107">
    <groups>
    </groups>
    <test started-at="2018-03-05T11:49:55Z" name="Default test" finished-at="2018-03-05T11:50:13Z" duration-ms="18107">
      <class name="com.automation.amazonpractice.Mainflow">
        <test-method signature="openurl()[pri:0, instance:com.automation.amazonpractice.Mainflow@63475ace]" started-at="2018-03-05T17:19:55Z" name="openurl" finished-at="2018-03-05T17:20:06Z" duration-ms="11846" status="PASS">
          <reporter-output>
          </reporter-output>
        </test-method> <!-- openurl -->
        <test-method signature="login()[pri:0, instance:com.automation.amazonpractice.Mainflow@63475ace]" started-at="2018-03-05T17:20:06Z" name="login" finished-at="2018-03-05T17:20:13Z" depends-on-methods="com.automation.amazonpractice.Mainflow.openurl" duration-ms="6244" status="PASS">
          <reporter-output>
          </reporter-output>
        </test-method> <!-- login -->
      </class> <!-- com.automation.amazonpractice.Mainflow -->
    </test> <!-- Default test -->
  </suite> <!-- Default suite -->
</testng-results>
